0 verbose cli /data/data/com.termux/files/usr/bin/node /data/data/com.termux/files/usr/bin/npm
1 info using npm@11.10.0
2 info using node@v24.13.0
3 silly config load:file:/data/data/com.termux/files/usr/lib/node_modules/npm/npmrc
4 silly config load:file:/storage/emulated/0/aura/.npmrc
5 silly config load:file:/data/data/com.termux/files/home/.npmrc
6 silly config load:file:/data/data/com.termux/files/usr/etc/npmrc
7 verbose title npm publish
8 verbose argv "publish" "--acess-public"
9 verbose logfile logs-max:10 dir:/data/data/com.termux/files/home/.npm/_logs/2026-02-21T19_35_00_805Z-
10 verbose logfile /data/data/com.termux/files/home/.npm/_logs/2026-02-21T19_35_00_805Z-debug-0.log
11 warn Unknown cli config "--acess-public". This will stop working in the next major version of npm.
12 silly logfile start cleaning logs, removing 2 files
13 verbose publish [ '.' ]
14 silly logfile done cleaning log files
15 verbose stack Error: command failed
15 verbose stack     at promiseSpawn (/data/data/com.termux/files/usr/lib/node_modules/npm/node_modules/@npmcli/promise-spawn/lib/index.js:22:22)
15 verbose stack     at spawnWithShell (/data/data/com.termux/files/usr/lib/node_modules/npm/node_modules/@npmcli/promise-spawn/lib/index.js:124:10)
15 verbose stack     at promiseSpawn (/data/data/com.termux/files/usr/lib/node_modules/npm/node_modules/@npmcli/promise-spawn/lib/index.js:12:12)
15 verbose stack     at runScriptPkg (/data/data/com.termux/files/usr/lib/node_modules/npm/node_modules/@npmcli/run-script/lib/run-script-pkg.js:79:13)
15 verbose stack     at runScript (/data/data/com.termux/files/usr/lib/node_modules/npm/node_modules/@npmcli/run-script/lib/run-script.js:9:12)
15 verbose stack     at #publish (/data/data/com.termux/files/usr/lib/node_modules/npm/lib/commands/publish.js:93:13)
15 verbose stack     at async Publish.exec (/data/data/com.termux/files/usr/lib/node_modules/npm/lib/commands/publish.js:47:5)
15 verbose stack     at async Npm.exec (/data/data/com.termux/files/usr/lib/node_modules/npm/lib/npm.js:209:9)
15 verbose stack     at async module.exports (/data/data/com.termux/files/usr/lib/node_modules/npm/lib/cli/entry.js:67:5)
16 verbose pkgid mercadopago-client@1.0.0
17 error code 127
18 error path /storage/emulated/0/aura
19 error command failed
20 error command sh -c npm run lint && npm run build
21 verbose cwd /storage/emulated/0/aura
22 verbose os Linux 5.15.178-android13-8-00021-g6f2f96be86b9-ab13729987
23 verbose node v24.13.0
24 verbose npm  v11.10.0
25 verbose exit 127
26 verbose code 127
27 error A complete log of this run can be found in: /data/data/com.termux/files/home/.npm/_logs/2026-02-21T19_35_00_805Z-debug-0.log
