0 verbose cli /data/data/com.termux/files/usr/bin/node /data/data/com.termux/files/usr/bin/npm
1 info using npm@11.10.0
2 info using node@v24.13.0
3 silly config load:file:/data/data/com.termux/files/usr/lib/node_modules/npm/npmrc
4 silly config load:file:/storage/emulated/0/aura/.npmrc
5 silly config load:file:/data/data/com.termux/files/home/.npmrc
6 silly config load:file:/data/data/com.termux/files/usr/etc/npmrc
7 verbose title npm login
8 verbose argv "login"
9 verbose logfile logs-max:10 dir:/data/data/com.termux/files/home/.npm/_logs/2026-02-21T18_50_33_856Z-
10 verbose logfile /data/data/com.termux/files/home/.npm/_logs/2026-02-21T18_50_33_856Z-debug-0.log
11 silly logfile start cleaning logs, removing 1 files
12 notice Log in on https://registry.npmjs.org/
13 verbose web login before first POST
14 silly logfile done cleaning log files
15 http fetch POST 200 https://registry.npmjs.org/-/v1/login 1012ms
16 verbose web auth got response {
16 verbose web auth   loginUrl: 'https://www.npmjs.com/login?next=/login/cli/***',
16 verbose web auth   doneUrl: 'https://registry.npmjs.org/-/v1/done?sessionId=***'
16 verbose web auth }
17 verbose web auth opening url pair
18 http fetch GET 202 https://registry.npmjs.org/-/v1/done?sessionId=*** 560ms
19 http fetch GET 202 https://registry.npmjs.org/-/v1/done?sessionId=*** 319ms
20 http fetch GET 202 https://registry.npmjs.org/-/v1/done?sessionId=*** 25085ms
21 http fetch GET 200 https://registry.npmjs.org/-/v1/done?sessionId=*** 744ms
22 verbose web auth done-check finished
23 info login Logged in on https://registry.npmjs.org/.
24 verbose cwd /storage/emulated/0/aura
25 verbose os Linux 5.15.178-android13-8-00021-g6f2f96be86b9-ab13729987
26 verbose node v24.13.0
27 verbose npm  v11.10.0
28 verbose exit 0
29 info ok
